<?xml version="1.0" encoding="UTF-8"?>
<!-- Generated by org.testng.reporters.JUnitReportReporter -->
<testsuite hostname="LAPTOP-TOSEA342" failures="0" tests="1" name="Com.Test.Test_Login" time="52.289" errors="0" timestamp="2023-02-27T23:37:52 IST" skipped="0">
  <testcase classname="Com.Test.Test_Login" name="Login_Test" time="52.289"/>
  <system-out/>
</testsuite> <!-- Com.Test.Test_Login -->
