<?xml version="1.0" encoding="UTF-8"?>
<!-- Generated by org.testng.reporters.JUnitReportReporter -->
<testsuite hostname="LAPTOP-TOSEA342" failures="0" tests="1" name="Test_TestNG.Test_xml" time="0.009" errors="0" timestamp="2023-02-18T01:18:18 IST" skipped="0">
  <testcase classname="Test_TestNG.Test_xml" name="m1" time="0.009"/>
  <system-out/>
</testsuite> <!-- Test_TestNG.Test_xml -->
