<?xml version="1.0" encoding="UTF-8"?>
<!-- Generated by org.testng.reporters.JUnitReportReporter -->
<testsuite hostname="LAPTOP-TOSEA342" failures="0" tests="2" name="Test_TestNG.Cross_Browser" time="106.886" errors="0" timestamp="2023-02-23T17:10:02 IST" skipped="0">
  <testcase classname="Test_TestNG.Cross_Browser" name="Test_1" time="54.091"/>
  <system-out/>
  <testcase classname="Test_TestNG.Cross_Browser" name="Test_1" time="52.795"/>
  <system-out/>
</testsuite> <!-- Test_TestNG.Cross_Browser -->
