<?xml version="1.0" encoding="UTF-8"?>
<!-- Generated by org.testng.reporters.JUnitReportReporter -->
<testsuite hostname="LAPTOP-TOSEA342" failures="0" tests="2" name="Test_TestNG.Test_1" time="0.017" errors="0" timestamp="2023-02-18T00:39:25 IST" skipped="0">
  <testcase classname="Test_TestNG.Test_1" name="Test1" time="0.012"/>
  <system-out/>
  <testcase classname="Test_TestNG.Test_1" name="Test2" time="0.005"/>
  <system-out/>
</testsuite> <!-- Test_TestNG.Test_1 -->
