<?xml version="1.0" encoding="UTF-8"?>
<!-- Generated by org.testng.reporters.JUnitReportReporter -->
<testsuite hostname="LAPTOP-TOSEA342" failures="0" tests="1" name="Com.Test.Test_SignUpPage" time="6.378" errors="0" timestamp="2023-02-27T23:40:10 IST" skipped="0">
  <testcase classname="Com.Test.Test_SignUpPage" name="Test_SignUp" time="6.378"/>
  <system-out/>
</testsuite> <!-- Com.Test.Test_SignUpPage -->
