<?xml version="1.0" encoding="UTF-8"?>
<!-- Generated by org.testng.reporters.JUnitReportReporter -->
<testsuite hostname="LAPTOP-TOSEA342" failures="0" tests="3" name="Test_TestNG.Test_a2" time="50.106" errors="0" timestamp="2022-11-28T16:50:45 IST" skipped="0">
  <testcase classname="Test_TestNG.Test_a2" name="Test_3" time="13.648"/>
  <system-out/>
  <testcase classname="Test_TestNG.Test_a2" name="Test_2" time="26.130"/>
  <system-out/>
  <testcase classname="Test_TestNG.Test_a2" name="Test_1" time="10.328"/>
  <system-out/>
</testsuite> <!-- Test_TestNG.Test_a2 -->
