<?xml version="1.0" encoding="UTF-8"?>
<!-- Generated by org.testng.reporters.JUnitReportReporter -->
<testsuite hostname="LAPTOP-TOSEA342" failures="0" tests="2" name="Test_TestNG.Test_a4" time="15.690" errors="0" timestamp="2022-12-01T13:57:15 IST" skipped="0">
  <testcase classname="Test_TestNG.Test_a4" name="Test_1" time="9.173"/>
  <system-out/>
  <testcase classname="Test_TestNG.Test_a4" name="Test_1" time="6.517"/>
  <system-out/>
</testsuite> <!-- Test_TestNG.Test_a4 -->
